c:\users\22870\source\repos\computergraphic\graphicproject\x64\debug\vc143.pdb
c:\users\22870\source\repos\computergraphic\graphicproject\x64\debug\vc143.idb
c:\users\22870\source\repos\computergraphic\graphicproject\x64\debug\window.obj
c:\users\22870\source\repos\computergraphic\x64\debug\graphicproject.exe
c:\users\22870\source\repos\computergraphic\x64\debug\graphicproject.pdb
c:\users\22870\source\repos\computergraphic\graphicproject\x64\debug\graphicproject.res
c:\users\22870\source\repos\computergraphic\x64\debug\graphicproject.lib
c:\users\22870\source\repos\computergraphic\x64\debug\graphicproject.exp
c:\users\22870\source\repos\computergraphic\graphicproject\x64\debug\graphicproject.ilk
c:\users\22870\source\repos\computergraphic\graphicproject\x64\debug\game.obj.enc
c:\users\22870\source\repos\computergraphic\graphicproject\x64\debug\graphicproject.tlog\cl.command.1.tlog
c:\users\22870\source\repos\computergraphic\graphicproject\x64\debug\graphicproject.tlog\cl.items.tlog
c:\users\22870\source\repos\computergraphic\graphicproject\x64\debug\graphicproject.tlog\cl.read.1.tlog
c:\users\22870\source\repos\computergraphic\graphicproject\x64\debug\graphicproject.tlog\cl.write.1.tlog
c:\users\22870\source\repos\computergraphic\graphicproject\x64\debug\graphicproject.tlog\link.command.1.tlog
c:\users\22870\source\repos\computergraphic\graphicproject\x64\debug\graphicproject.tlog\link.read.1.tlog
c:\users\22870\source\repos\computergraphic\graphicproject\x64\debug\graphicproject.tlog\link.secondary.1.tlog
c:\users\22870\source\repos\computergraphic\graphicproject\x64\debug\graphicproject.tlog\link.write.1.tlog
c:\users\22870\source\repos\computergraphic\graphicproject\x64\debug\graphicproject.tlog\rc.command.1.tlog
c:\users\22870\source\repos\computergraphic\graphicproject\x64\debug\graphicproject.tlog\rc.read.1.tlog
c:\users\22870\source\repos\computergraphic\graphicproject\x64\debug\graphicproject.tlog\rc.write.1.tlog
